<?xml version="1.0" encoding="UTF-8"?>
<!-- Generated by org.testng.reporters.JUnitReportReporter -->
<testsuite hostname="LAPTOP-ARKEE1MM" failures="0" tests="3" name="org.TestNG.DependsOnMethod" time="0.010" errors="0" timestamp="2023-08-02T13:36:43 IST" skipped="0">
  <testcase classname="org.TestNG.DependsOnMethod" name="password" time="0.002"/>
  <system-out/>
  <testcase classname="org.TestNG.DependsOnMethod" name="login" time="0.001"/>
  <system-out/>
  <testcase classname="org.TestNG.DependsOnMethod" name="google" time="0.007"/>
  <system-out/>
</testsuite> <!-- org.TestNG.DependsOnMethod -->
