<?xml version="1.0" encoding="UTF-8"?>
<!-- Generated by org.testng.reporters.JUnitReportReporter -->
<testsuite hostname="LAPTOP-ARKEE1MM" failures="0" tests="3" name="org.TestNG.SetPriority" time="0.012" errors="0" timestamp="2023-08-06T05:22:22 IST" skipped="0">
  <testcase classname="org.TestNG.SetPriority" name="NonVeg" time="0.006"/>
  <system-out/>
  <testcase classname="org.TestNG.SetPriority" name="Fruits" time="0.002"/>
  <system-out/>
  <testcase classname="org.TestNG.SetPriority" name="Vegetable" time="0.004"/>
  <system-out/>
</testsuite> <!-- org.TestNG.SetPriority -->
