<?xml version="1.0" encoding="UTF-8"?>
<!-- Generated by org.testng.reporters.JUnitReportReporter -->
<testsuite hostname="LAPTOP-ARKEE1MM" failures="0" tests="1" name="org.TestNG.FailedTestCase$Assertion" time="0.017" errors="0" timestamp="2023-08-02T12:49:41 IST" skipped="0">
  <testcase classname="org.TestNG.FailedTestCase$Assertion" name="testPageTitle" time="0.017"/>
  <system-out/>
</testsuite> <!-- org.TestNG.FailedTestCase$Assertion -->
