<?xml version="1.0" encoding="UTF-8"?>
<!-- Generated by org.testng.reporters.JUnitReportReporter -->
<testsuite hostname="LAPTOP-ARKEE1MM" failures="0" tests="12" name="org.TestNG.Sample" time="0.023" errors="0" timestamp="2023-08-06T05:22:22 IST" skipped="0">
  <testcase classname="org.TestNG.Sample" name="Four" time="0.001"/>
  <system-out/>
  <testcase classname="org.TestNG.Sample" name="Nine" time="0.001"/>
  <system-out/>
  <testcase classname="org.TestNG.Sample" name="Three" time="0.004"/>
  <system-out/>
  <testcase classname="org.TestNG.Sample" name="Six" time="0.001"/>
  <system-out/>
  <testcase classname="org.TestNG.Sample" name="Five" time="0.004"/>
  <system-out/>
  <testcase classname="org.TestNG.Sample" name="One" time="0.001"/>
  <system-out/>
  <testcase classname="org.TestNG.Sample" name="Two" time="0.005"/>
  <system-out/>
  <testcase classname="org.TestNG.Sample" name="ten" time="0.001"/>
  <system-out/>
  <testcase classname="org.TestNG.Sample" name="Seven" time="0.001"/>
  <system-out/>
  <testcase classname="org.TestNG.Sample" name="test1" time="0.002"/>
  <system-out/>
  <testcase classname="org.TestNG.Sample" name="Eight" time="0.001"/>
  <system-out/>
  <testcase classname="org.TestNG.Sample" name="test" time="0.001"/>
  <system-out/>
</testsuite> <!-- org.TestNG.Sample -->
